0 info it worked if it ends with ok
1 verbose cli [ '/usr/local/bin/node', '/usr/local/bin/npm', 'publish' ]
2 info using npm@4.1.2
3 info using node@v7.6.0
4 verbose publish [ '.' ]
5 silly cache add args [ '.', null ]
6 verbose cache add spec .
7 silly cache add parsed spec Result {
7 silly cache add   raw: '.',
7 silly cache add   scope: null,
7 silly cache add   escapedName: null,
7 silly cache add   name: null,
7 silly cache add   rawSpec: '.',
7 silly cache add   spec: '/home/gary/dev/garymcleanhall/physical/express-middleware',
7 silly cache add   type: 'directory' }
8 verbose addLocalDirectory /home/gary/.npm/physical-express-middleware/0.1.0/package.tgz not in flight; packing
9 verbose correctMkdir /home/gary/.npm correctMkdir not in flight; initializing
10 info lifecycle physical-express-middleware@0.1.0~prepublish: physical-express-middleware@0.1.0
11 silly lifecycle physical-express-middleware@0.1.0~prepublish: no script for prepublish, continuing
12 info lifecycle physical-express-middleware@0.1.0~prepare: physical-express-middleware@0.1.0
13 silly lifecycle physical-express-middleware@0.1.0~prepare: no script for prepare, continuing
14 verbose tar pack [ '/home/gary/.npm/physical-express-middleware/0.1.0/package.tgz',
14 verbose tar pack   '/home/gary/dev/garymcleanhall/physical/express-middleware' ]
15 verbose tarball /home/gary/.npm/physical-express-middleware/0.1.0/package.tgz
16 verbose folder /home/gary/dev/garymcleanhall/physical/express-middleware
17 verbose addLocalTarball adding from inside cache /home/gary/.npm/physical-express-middleware/0.1.0/package.tgz
18 verbose correctMkdir /home/gary/.npm correctMkdir not in flight; initializing
19 silly cache afterAdd physical-express-middleware@0.1.0
20 verbose afterAdd /home/gary/.npm/physical-express-middleware/0.1.0/package/package.json not in flight; writing
21 verbose correctMkdir /home/gary/.npm correctMkdir not in flight; initializing
22 verbose afterAdd /home/gary/.npm/physical-express-middleware/0.1.0/package/package.json written
23 silly publish { name: 'physical-express-middleware',
23 silly publish   version: '0.1.0',
23 silly publish   description: 'Middleware for express to adapt Physical\'s downstream dependency checks to responses',
23 silly publish   main: 'index.js',
23 silly publish   scripts: { test: 'jasmine tests/*' },
23 silly publish   repository:
23 silly publish    { type: 'git',
23 silly publish      url: 'git+ssh://git@github.com/garymcleanhall/physical-express-middleware.git' },
23 silly publish   keywords:
23 silly publish    [ 'physical',
23 silly publish      'healthcheck',
23 silly publish      'status',
23 silly publish      'monitoring',
23 silly publish      'express',
23 silly publish      'dependency',
23 silly publish      'middleware' ],
23 silly publish   author: { name: 'Gary McLean Hall' },
23 silly publish   license: 'MIT',
23 silly publish   bugs: { url: 'https://github.com/garymcleanhall/physical-express-middleware/issues' },
23 silly publish   homepage: 'https://github.com/garymcleanhall/physical-express-middleware#readme',
23 silly publish   devDependencies:
23 silly publish    { express: '^4.15.2',
23 silly publish      jasmine: '^2.6.0',
23 silly publish      request: '^2.81.0',
23 silly publish      'request-promise': '^4.2.0' },
23 silly publish   readme: '#Physical\n##Express Middleware\n',
23 silly publish   readmeFilename: 'readme.md',
23 silly publish   _id: 'physical-express-middleware@0.1.0',
23 silly publish   _shasum: 'c1d9143e4cb5d60db15e85d16ba1f9c0cefd54f1',
23 silly publish   _from: '.' }
24 info lifecycle physical-express-middleware@0.1.0~prepublishOnly: physical-express-middleware@0.1.0
25 silly lifecycle physical-express-middleware@0.1.0~prepublishOnly: no script for prepublishOnly, continuing
26 verbose getPublishConfig undefined
27 silly mapToRegistry name physical-express-middleware
28 silly mapToRegistry using default registry
29 silly mapToRegistry registry https://registry.npmjs.org/
30 silly mapToRegistry data Result {
30 silly mapToRegistry   raw: 'physical-express-middleware',
30 silly mapToRegistry   scope: null,
30 silly mapToRegistry   escapedName: 'physical-express-middleware',
30 silly mapToRegistry   name: 'physical-express-middleware',
30 silly mapToRegistry   rawSpec: '',
30 silly mapToRegistry   spec: 'latest',
30 silly mapToRegistry   type: 'tag' }
31 silly mapToRegistry uri https://registry.npmjs.org/physical-express-middleware
32 verbose publish registryBase https://registry.npmjs.org/
33 silly publish uploading /home/gary/.npm/physical-express-middleware/0.1.0/package.tgz
34 verbose request uri https://registry.npmjs.org/physical-express-middleware
35 verbose request sending authorization for write operation
36 info attempt registry request try #1 at 9:59:34 AM
37 verbose request using bearer token for auth
38 verbose request id 322fdc1a5e6bf72f
39 http request PUT https://registry.npmjs.org/physical-express-middleware
40 http 403 https://registry.npmjs.org/physical-express-middleware
41 verbose headers { 'content-type': 'application/json',
41 verbose headers   'cache-control': 'max-age=300',
41 verbose headers   'content-length': '95',
41 verbose headers   'accept-ranges': 'bytes',
41 verbose headers   date: 'Mon, 08 May 2017 08:59:35 GMT',
41 verbose headers   via: '1.1 varnish',
41 verbose headers   connection: 'keep-alive',
41 verbose headers   'x-served-by': 'cache-lhr6340-LHR',
41 verbose headers   'x-cache': 'MISS',
41 verbose headers   'x-cache-hits': '0',
41 verbose headers   'x-timer': 'S1494233975.639721,VS0,VE855',
41 verbose headers   vary: 'Accept-Encoding' }
42 verbose request invalidating /home/gary/.npm/registry.npmjs.org/physical-express-middleware on PUT
43 error publish Failed PUT 403
44 verbose stack Error: "You cannot publish over the previously published version 0.1.0." : physical-express-middleware
44 verbose stack     at makeError (/usr/local/lib/node_modules/npm/node_modules/npm-registry-client/lib/request.js:304:12)
44 verbose stack     at CachingRegistryClient.<anonymous> (/usr/local/lib/node_modules/npm/node_modules/npm-registry-client/lib/request.js:292:14)
44 verbose stack     at Request._callback (/usr/local/lib/node_modules/npm/node_modules/npm-registry-client/lib/request.js:212:14)
44 verbose stack     at Request.self.callback (/usr/local/lib/node_modules/npm/node_modules/request/request.js:186:22)
44 verbose stack     at emitTwo (events.js:106:13)
44 verbose stack     at Request.emit (events.js:192:7)
44 verbose stack     at Request.<anonymous> (/usr/local/lib/node_modules/npm/node_modules/request/request.js:1081:10)
44 verbose stack     at emitOne (events.js:96:13)
44 verbose stack     at Request.emit (events.js:189:7)
44 verbose stack     at IncomingMessage.<anonymous> (/usr/local/lib/node_modules/npm/node_modules/request/request.js:1001:12)
45 verbose statusCode 403
46 verbose pkgid physical-express-middleware
47 verbose cwd /home/gary/dev/garymcleanhall/physical/express-middleware
48 error Linux 4.4.0-77-generic
49 error argv "/usr/local/bin/node" "/usr/local/bin/npm" "publish"
50 error node v7.6.0
51 error npm  v4.1.2
52 error code E403
53 error "You cannot publish over the previously published version 0.1.0." : physical-express-middleware
54 error If you need help, you may report this error at:
54 error     <https://github.com/npm/npm/issues>
55 verbose exit [ 1, true ]
